<?xml version="1.0" encoding="UTF-8"?>
<!-- Generated by org.testng.reporters.JUnitReportReporter -->
<testsuite hostname="DESKTOP-PT84T55" failures="0" tests="2" name="Sample.TestEmployeeDetails" time="0.010" errors="0" timestamp="2025-04-09T17:06:35 IST" skipped="0">
  <testcase classname="Sample.TestEmployeeDetails" name="testCalculateYearlySalary" time="0.001"/>
  <testcase classname="Sample.TestEmployeeDetails" name="testCalculateAppriasal" time="0.009"/>
</testsuite> <!-- Sample.TestEmployeeDetails -->
